c:\users\oleg\source\repos\app_to_find_file_on_lh\app_to_find_file_on_lh\x64\debug\std.ixx.ifc
c:\users\oleg\source\repos\app_to_find_file_on_lh\app_to_find_file_on_lh\x64\debug\std.ixx.ifc.d.json
c:\users\oleg\source\repos\app_to_find_file_on_lh\app_to_find_file_on_lh\x64\debug\std.ixx.obj
c:\users\oleg\source\repos\app_to_find_file_on_lh\app_to_find_file_on_lh\x64\debug\std.compat.ixx.ifc
c:\users\oleg\source\repos\app_to_find_file_on_lh\app_to_find_file_on_lh\x64\debug\std.compat.ixx.ifc.d.json
c:\users\oleg\source\repos\app_to_find_file_on_lh\app_to_find_file_on_lh\x64\debug\std.compat.ixx.obj
c:\users\oleg\source\repos\app_to_find_file_on_lh\app_to_find_file_on_lh\x64\debug\vc143.pdb
c:\users\oleg\source\repos\app_to_find_file_on_lh\app_to_find_file_on_lh\x64\debug\vc143.idb
c:\users\oleg\source\repos\app_to_find_file_on_lh\app_to_find_file_on_lh\x64\debug\app_to_find_file_on_lh.obj
c:\users\oleg\source\repos\app_to_find_file_on_lh\x64\debug\app_to_find_file_on_lh.exe
c:\users\oleg\source\repos\app_to_find_file_on_lh\app_to_find_file_on_lh\x64\debug\app_to_find_file_on_lh.ilk
c:\users\oleg\source\repos\app_to_find_file_on_lh\x64\debug\app_to_find_file_on_lh.pdb
c:\users\oleg\source\repos\app_to_find_file_on_lh\app_to_find_file_on_lh\x64\debug\std.compat.ixx.module.json
c:\users\oleg\source\repos\app_to_find_file_on_lh\app_to_find_file_on_lh\x64\debug\std.ixx.module.json
c:\users\oleg\source\repos\app_to_find_file_on_lh\app_to_find_file_on_lh\x64\debug\app_to_f.830785b7.tlog\cl.command.1.tlog
c:\users\oleg\source\repos\app_to_find_file_on_lh\app_to_find_file_on_lh\x64\debug\app_to_f.830785b7.tlog\cl.items.tlog
c:\users\oleg\source\repos\app_to_find_file_on_lh\app_to_find_file_on_lh\x64\debug\app_to_f.830785b7.tlog\cl.read.1.tlog
c:\users\oleg\source\repos\app_to_find_file_on_lh\app_to_find_file_on_lh\x64\debug\app_to_f.830785b7.tlog\cl.write.1.tlog
c:\users\oleg\source\repos\app_to_find_file_on_lh\app_to_find_file_on_lh\x64\debug\app_to_f.830785b7.tlog\link.command.1.tlog
c:\users\oleg\source\repos\app_to_find_file_on_lh\app_to_find_file_on_lh\x64\debug\app_to_f.830785b7.tlog\link.read.1.tlog
c:\users\oleg\source\repos\app_to_find_file_on_lh\app_to_find_file_on_lh\x64\debug\app_to_f.830785b7.tlog\link.write.1.tlog
c:\users\oleg\source\repos\app_to_find_file_on_lh\app_to_find_file_on_lh\x64\debug\app_to_f.830785b7_md.tlog\cl.command.1.tlog
c:\users\oleg\source\repos\app_to_find_file_on_lh\app_to_find_file_on_lh\x64\debug\app_to_f.830785b7_md.tlog\microsoft.build.cpptasks.cl.read.1.tlog
c:\users\oleg\source\repos\app_to_find_file_on_lh\app_to_find_file_on_lh\x64\debug\app_to_f.830785b7_md.tlog\microsoft.build.cpptasks.cl.write.1.tlog
